<?xml version="1.0" encoding="UTF-8"?>
<coverage generated="1771849502770" clover="3.2.0">
  <project timestamp="1771849502770" name="All files">
    <metrics statements="115" coveredstatements="102" conditionals="34" coveredconditionals="23" methods="45" coveredmethods="34" elements="194" coveredelements="159" complexity="0" loc="115" ncloc="115" packages="3" files="16" classes="16"/>
    <package name="src">
      <metrics statements="2" coveredstatements="2" conditionals="0" coveredconditionals="0" methods="1" coveredmethods="1"/>
      <file name="Shimmer.js" path="D:\Dev Work\Learn React\src\Shimmer.js">
        <metrics statements="2" coveredstatements="2" conditionals="0" coveredconditionals="0" methods="1" coveredmethods="1"/>
        <line num="1" count="2" type="stmt"/>
        <line num="2" count="2" type="stmt"/>
      </file>
    </package>
    <package name="src.components">
      <metrics statements="84" coveredstatements="72" conditionals="30" coveredconditionals="21" methods="32" coveredmethods="25"/>
      <file name="Body.js" path="D:\Dev Work\Learn React\src\components\Body.js">
        <metrics statements="38" coveredstatements="28" conditionals="14" coveredconditionals="10" methods="11" coveredmethods="7"/>
        <line num="10" count="1" type="stmt"/>
        <line num="11" count="4" type="stmt"/>
        <line num="12" count="4" type="stmt"/>
        <line num="14" count="4" type="stmt"/>
        <line num="16" count="4" type="stmt"/>
        <line num="18" count="4" type="stmt"/>
        <line num="19" count="1" type="stmt"/>
        <line num="22" count="4" type="stmt"/>
        <line num="23" count="1" type="stmt"/>
        <line num="30" count="1" type="stmt"/>
        <line num="33" count="1" type="stmt"/>
        <line num="36" count="1" type="cond" truecount="1" falsecount="1"/>
        <line num="39" count="1" type="stmt"/>
        <line num="40" count="1" type="stmt"/>
        <line num="42" count="0" type="stmt"/>
        <line num="43" count="0" type="stmt"/>
        <line num="44" count="0" type="stmt"/>
        <line num="48" count="4" type="stmt"/>
        <line num="49" count="4" type="cond" truecount="1" falsecount="1"/>
        <line num="50" count="0" type="stmt"/>
        <line num="53" count="4" type="stmt"/>
        <line num="55" count="4" type="cond" truecount="1" falsecount="1"/>
        <line num="56" count="4" type="cond" truecount="4" falsecount="0"/>
        <line num="57" count="1" type="stmt"/>
        <line num="59" count="3" type="stmt"/>
        <line num="69" count="1" type="stmt"/>
        <line num="75" count="1" type="stmt"/>
        <line num="77" count="9" type="stmt"/>
        <line num="81" count="1" type="cond" truecount="1" falsecount="1"/>
        <line num="82" count="1" type="stmt"/>
        <line num="83" count="1" type="stmt"/>
        <line num="94" count="0" type="stmt"/>
        <line num="95" count="0" type="stmt"/>
        <line num="97" count="0" type="stmt"/>
        <line num="98" count="0" type="stmt"/>
        <line num="108" count="0" type="stmt"/>
        <line num="117" count="0" type="stmt"/>
        <line num="123" count="19" type="stmt"/>
      </file>
      <file name="Cart.js" path="D:\Dev Work\Learn React\src\components\Cart.js">
        <metrics statements="6" coveredstatements="6" conditionals="2" coveredconditionals="2" methods="3" coveredmethods="3"/>
        <line num="5" count="1" type="stmt"/>
        <line num="6" count="6" type="stmt"/>
        <line num="7" count="3" type="stmt"/>
        <line num="9" count="3" type="stmt"/>
        <line num="11" count="1" type="stmt"/>
        <line num="14" count="3" type="stmt"/>
      </file>
      <file name="Contact.js" path="D:\Dev Work\Learn React\src\components\Contact.js">
        <metrics statements="2" coveredstatements="2" conditionals="0" coveredconditionals="0" methods="1" coveredmethods="1"/>
        <line num="1" count="1" type="stmt"/>
        <line num="2" count="3" type="stmt"/>
      </file>
      <file name="Header.js" path="D:\Dev Work\Learn React\src\components\Header.js">
        <metrics statements="7" coveredstatements="7" conditionals="4" coveredconditionals="2" methods="3" coveredmethods="3"/>
        <line num="8" count="2" type="stmt"/>
        <line num="9" count="8" type="stmt"/>
        <line num="11" count="8" type="stmt"/>
        <line num="13" count="8" type="stmt"/>
        <line num="16" count="15" type="stmt"/>
        <line num="18" count="8" type="stmt"/>
        <line num="44" count="1" type="cond" truecount="1" falsecount="1"/>
      </file>
      <file name="ItemList.js" path="D:\Dev Work\Learn React\src\components\ItemList.js">
        <metrics statements="7" coveredstatements="7" conditionals="0" coveredconditionals="0" methods="4" coveredmethods="4"/>
        <line num="4" count="1" type="stmt"/>
        <line num="5" count="4" type="stmt"/>
        <line num="7" count="4" type="stmt"/>
        <line num="9" count="1" type="stmt"/>
        <line num="12" count="4" type="stmt"/>
        <line num="15" count="4" type="stmt"/>
        <line num="32" count="1" type="stmt"/>
      </file>
      <file name="RestaurantCard.js" path="D:\Dev Work\Learn React\src\components\RestaurantCard.js">
        <metrics statements="7" coveredstatements="7" conditionals="0" coveredconditionals="0" methods="3" coveredmethods="3"/>
        <line num="1" count="2" type="stmt"/>
        <line num="2" count="21" type="stmt"/>
        <line num="6" count="21" type="stmt"/>
        <line num="8" count="21" type="stmt"/>
        <line num="30" count="2" type="stmt"/>
        <line num="31" count="5" type="stmt"/>
        <line num="32" count="8" type="stmt"/>
      </file>
      <file name="RestaurantCategory.js" path="D:\Dev Work\Learn React\src\components\RestaurantCategory.js">
        <metrics statements="4" coveredstatements="3" conditionals="2" coveredconditionals="2" methods="2" coveredmethods="1"/>
        <line num="3" count="1" type="stmt"/>
        <line num="4" count="2" type="stmt"/>
        <line num="5" count="0" type="stmt"/>
        <line num="8" count="2" type="stmt"/>
      </file>
      <file name="RestaurantMenu.js" path="D:\Dev Work\Learn React\src\components\RestaurantMenu.js">
        <metrics statements="11" coveredstatements="10" conditionals="8" coveredconditionals="5" methods="4" coveredmethods="2"/>
        <line num="7" count="1" type="stmt"/>
        <line num="8" count="2" type="stmt"/>
        <line num="10" count="2" type="stmt"/>
        <line num="12" count="2" type="stmt"/>
        <line num="14" count="2" type="stmt"/>
        <line num="16" count="2" type="stmt"/>
        <line num="18" count="2" type="cond" truecount="2" falsecount="0"/>
        <line num="20" count="1" type="stmt"/>
        <line num="22" count="1" type="cond" truecount="1" falsecount="1"/>
        <line num="33" count="2" type="stmt"/>
        <line num="38" count="0" type="cond" truecount="0" falsecount="2"/>
      </file>
      <file name="sum.js" path="D:\Dev Work\Learn React\src\components\sum.js">
        <metrics statements="2" coveredstatements="2" conditionals="0" coveredconditionals="0" methods="1" coveredmethods="1"/>
        <line num="1" count="1" type="stmt"/>
        <line num="2" count="1" type="stmt"/>
      </file>
    </package>
    <package name="src.utils">
      <metrics statements="29" coveredstatements="28" conditionals="4" coveredconditionals="2" methods="12" coveredmethods="8"/>
      <file name="UserContext.js" path="D:\Dev Work\Learn React\src\utils\UserContext.js">
        <metrics statements="1" coveredstatements="1" conditionals="0" coveredconditionals="0" methods="0" coveredmethods="0"/>
        <line num="3" count="3" type="stmt"/>
      </file>
      <file name="appStore.js" path="D:\Dev Work\Learn React\src\utils\appStore.js">
        <metrics statements="1" coveredstatements="1" conditionals="0" coveredconditionals="0" methods="0" coveredmethods="0"/>
        <line num="4" count="2" type="stmt"/>
      </file>
      <file name="cartSlice.js" path="D:\Dev Work\Learn React\src\utils\cartSlice.js">
        <metrics statements="5" coveredstatements="4" conditionals="0" coveredconditionals="0" methods="4" coveredmethods="2"/>
        <line num="3" count="2" type="stmt"/>
        <line num="10" count="1" type="stmt"/>
        <line num="13" count="0" type="stmt"/>
        <line num="16" count="1" type="stmt"/>
        <line num="23" count="2" type="stmt"/>
      </file>
      <file name="constants.js" path="D:\Dev Work\Learn React\src\utils\constants.js">
        <metrics statements="3" coveredstatements="3" conditionals="0" coveredconditionals="0" methods="0" coveredmethods="0"/>
        <line num="2" count="3" type="stmt"/>
        <line num="4" count="3" type="stmt"/>
        <line num="7" count="3" type="stmt"/>
      </file>
      <file name="useOnlineStatus.js" path="D:\Dev Work\Learn React\src\utils\useOnlineStatus.js">
        <metrics statements="8" coveredstatements="8" conditionals="0" coveredconditionals="0" methods="4" coveredmethods="2"/>
        <line num="3" count="2" type="stmt"/>
        <line num="4" count="8" type="stmt"/>
        <line num="6" count="8" type="stmt"/>
        <line num="7" count="5" type="stmt"/>
        <line num="8" count="5" type="stmt"/>
        <line num="9" count="5" type="stmt"/>
        <line num="10" count="5" type="stmt"/>
        <line num="14" count="8" type="stmt"/>
      </file>
      <file name="useRestaurantMenu.js" path="D:\Dev Work\Learn React\src\utils\useRestaurantMenu.js">
        <metrics statements="11" coveredstatements="11" conditionals="4" coveredconditionals="2" methods="4" coveredmethods="4"/>
        <line num="5" count="1" type="stmt"/>
        <line num="6" count="2" type="stmt"/>
        <line num="8" count="2" type="stmt"/>
        <line num="9" count="1" type="stmt"/>
        <line num="12" count="2" type="stmt"/>
        <line num="13" count="1" type="stmt"/>
        <line num="17" count="1" type="stmt"/>
        <line num="20" count="1" type="cond" truecount="1" falsecount="1"/>
        <line num="24" count="1" type="cond" truecount="1" falsecount="1"/>
        <line num="27" count="1" type="stmt"/>
        <line num="29" count="2" type="stmt"/>
      </file>
    </package>
  </project>
</coverage>
