{"D:\\Learning Projects\\React\\src\\Shimmer.js": {"path":"D:\\Learning Projects\\React\\src\\Shimmer.js","statementMap":{"0":{"start":{"line":1,"column":16},"end":{"line":9,"column":1}},"1":{"start":{"line":2,"column":2},"end":{"line":8,"column":4}}},"fnMap":{"0":{"name":"(anonymous_0)","decl":{"start":{"line":1,"column":16},"end":{"line":1,"column":17}},"loc":{"start":{"line":1,"column":22},"end":{"line":9,"column":1}},"line":1}},"branchMap":{},"s":{"0":1,"1":1},"f":{"0":1},"b":{},"_coverageSchema":"1a1c01bbd47fc00a2c39e90264f33305004495a9","hash":"bb848bd35da3ef75b1afa62552ab5124f430fb9d"}
,"D:\\Learning Projects\\React\\src\\components\\Body.js": {"path":"D:\\Learning Projects\\React\\src\\components\\Body.js","statementMap":{"0":{"start":{"line":10,"column":13},"end":{"line":140,"column":1}},"1":{"start":{"line":11,"column":52},"end":{"line":11,"column":64}},"2":{"start":{"line":12,"column":42},"end":{"line":12,"column":54}},"3":{"start":{"line":14,"column":38},"end":{"line":14,"column":50}},"4":{"start":{"line":16,"column":33},"end":{"line":16,"column":66}},"5":{"start":{"line":18,"column":2},"end":{"line":20,"column":9}},"6":{"start":{"line":19,"column":4},"end":{"line":19,"column":16}},"7":{"start":{"line":22,"column":20},"end":{"line":46,"column":3}},"8":{"start":{"line":23,"column":4},"end":{"line":45,"column":5}},"9":{"start":{"line":30,"column":23},"end":{"line":32,"column":7}},"10":{"start":{"line":33,"column":19},"end":{"line":33,"column":32}},"11":{"start":{"line":36,"column":8},"end":{"line":37,"column":29}},"12":{"start":{"line":39,"column":6},"end":{"line":39,"column":40}},"13":{"start":{"line":40,"column":6},"end":{"line":40,"column":35}},"14":{"start":{"line":42,"column":6},"end":{"line":42,"column":44}},"15":{"start":{"line":43,"column":6},"end":{"line":43,"column":31}},"16":{"start":{"line":44,"column":6},"end":{"line":44,"column":26}},"17":{"start":{"line":48,"column":19},"end":{"line":48,"column":36}},"18":{"start":{"line":49,"column":2},"end":{"line":51,"column":3}},"19":{"start":{"line":50,"column":4},"end":{"line":50,"column":79}},"20":{"start":{"line":53,"column":40},"end":{"line":53,"column":63}},"21":{"start":{"line":55,"column":2},"end":{"line":55,"column":40}},"22":{"start":{"line":55,"column":21},"end":{"line":55,"column":40}},"23":{"start":{"line":56,"column":2},"end":{"line":57,"column":23}},"24":{"start":{"line":57,"column":4},"end":{"line":57,"column":23}},"25":{"start":{"line":59,"column":2},"end":{"line":139,"column":4}},"26":{"start":{"line":69,"column":14},"end":{"line":69,"column":44}},"27":{"start":{"line":75,"column":42},"end":{"line":80,"column":15}},"28":{"start":{"line":77,"column":18},"end":{"line":79,"column":55}},"29":{"start":{"line":81,"column":14},"end":{"line":81,"column":59}},"30":{"start":{"line":81,"column":52},"end":{"line":81,"column":59}},"31":{"start":{"line":82,"column":14},"end":{"line":82,"column":51}},"32":{"start":{"line":83,"column":14},"end":{"line":83,"column":38}},"33":{"start":{"line":94,"column":35},"end":{"line":96,"column":15}},"34":{"start":{"line":95,"column":32},"end":{"line":95,"column":63}},"35":{"start":{"line":97,"column":14},"end":{"line":97,"column":44}},"36":{"start":{"line":98,"column":14},"end":{"line":98,"column":40}},"37":{"start":{"line":108,"column":14},"end":{"line":108,"column":26}},"38":{"start":{"line":117,"column":29},"end":{"line":117,"column":56}},"39":{"start":{"line":123,"column":10},"end":{"line":135,"column":17}}},"fnMap":{"0":{"name":"(anonymous_0)","decl":{"start":{"line":10,"column":13},"end":{"line":10,"column":14}},"loc":{"start":{"line":10,"column":19},"end":{"line":140,"column":1}},"line":10},"1":{"name":"(anonymous_1)","decl":{"start":{"line":18,"column":12},"end":{"line":18,"column":13}},"loc":{"start":{"line":18,"column":18},"end":{"line":20,"column":3}},"line":18},"2":{"name":"(anonymous_2)","decl":{"start":{"line":22,"column":20},"end":{"line":22,"column":21}},"loc":{"start":{"line":22,"column":32},"end":{"line":46,"column":3}},"line":22},"3":{"name":"(anonymous_3)","decl":{"start":{"line":68,"column":22},"end":{"line":68,"column":23}},"loc":{"start":{"line":68,"column":29},"end":{"line":70,"column":13}},"line":68},"4":{"name":"(anonymous_4)","decl":{"start":{"line":74,"column":21},"end":{"line":74,"column":22}},"loc":{"start":{"line":74,"column":27},"end":{"line":84,"column":13}},"line":74},"5":{"name":"(anonymous_5)","decl":{"start":{"line":76,"column":16},"end":{"line":76,"column":17}},"loc":{"start":{"line":77,"column":18},"end":{"line":79,"column":55}},"line":77},"6":{"name":"(anonymous_6)","decl":{"start":{"line":93,"column":21},"end":{"line":93,"column":22}},"loc":{"start":{"line":93,"column":27},"end":{"line":99,"column":13}},"line":93},"7":{"name":"(anonymous_7)","decl":{"start":{"line":95,"column":16},"end":{"line":95,"column":17}},"loc":{"start":{"line":95,"column":32},"end":{"line":95,"column":63}},"line":95},"8":{"name":"(anonymous_8)","decl":{"start":{"line":107,"column":21},"end":{"line":107,"column":22}},"loc":{"start":{"line":107,"column":27},"end":{"line":109,"column":13}},"line":107},"9":{"name":"(anonymous_9)","decl":{"start":{"line":117,"column":22},"end":{"line":117,"column":23}},"loc":{"start":{"line":117,"column":29},"end":{"line":117,"column":56}},"line":117},"10":{"name":"(anonymous_10)","decl":{"start":{"line":122,"column":26},"end":{"line":122,"column":27}},"loc":{"start":{"line":123,"column":10},"end":{"line":135,"column":17}},"line":123}},"branchMap":{"0":{"loc":{"start":{"line":36,"column":8},"end":{"line":37,"column":29}},"type":"binary-expr","locations":[{"start":{"line":36,"column":8},"end":{"line":37,"column":23}},{"start":{"line":37,"column":27},"end":{"line":37,"column":29}}],"line":36},"1":{"loc":{"start":{"line":49,"column":2},"end":{"line":51,"column":3}},"type":"if","locations":[{"start":{"line":49,"column":2},"end":{"line":51,"column":3}},{"start":{},"end":{}}],"line":49},"2":{"loc":{"start":{"line":55,"column":2},"end":{"line":55,"column":40}},"type":"if","locations":[{"start":{"line":55,"column":2},"end":{"line":55,"column":40}},{"start":{},"end":{}}],"line":55},"3":{"loc":{"start":{"line":56,"column":2},"end":{"line":57,"column":23}},"type":"if","locations":[{"start":{"line":56,"column":2},"end":{"line":57,"column":23}},{"start":{},"end":{}}],"line":56},"4":{"loc":{"start":{"line":56,"column":6},"end":{"line":56,"column":65}},"type":"binary-expr","locations":[{"start":{"line":56,"column":6},"end":{"line":56,"column":31}},{"start":{"line":56,"column":35},"end":{"line":56,"column":65}}],"line":56},"5":{"loc":{"start":{"line":81,"column":14},"end":{"line":81,"column":59}},"type":"if","locations":[{"start":{"line":81,"column":14},"end":{"line":81,"column":59}},{"start":{},"end":{}}],"line":81},"6":{"loc":{"start":{"line":129,"column":14},"end":{"line":133,"column":15}},"type":"cond-expr","locations":[{"start":{"line":130,"column":16},"end":{"line":130,"column":63}},{"start":{"line":132,"column":16},"end":{"line":132,"column":55}}],"line":129}},"s":{"0":1,"1":4,"2":4,"3":4,"4":4,"5":4,"6":1,"7":4,"8":1,"9":1,"10":1,"11":1,"12":1,"13":1,"14":0,"15":0,"16":0,"17":4,"18":4,"19":0,"20":4,"21":4,"22":0,"23":4,"24":1,"25":3,"26":1,"27":1,"28":9,"29":1,"30":0,"31":1,"32":1,"33":0,"34":0,"35":0,"36":0,"37":0,"38":0,"39":19},"f":{"0":4,"1":1,"2":1,"3":1,"4":1,"5":9,"6":0,"7":0,"8":0,"9":0,"10":19},"b":{"0":[1,0],"1":[0,4],"2":[0,4],"3":[1,3],"4":[4,1],"5":[0,1],"6":[7,12]},"_coverageSchema":"1a1c01bbd47fc00a2c39e90264f33305004495a9","hash":"81155a64461f1310ff2671cb729622121118b607"}
,"D:\\Learning Projects\\React\\src\\components\\Contact.js": {"path":"D:\\Learning Projects\\React\\src\\components\\Contact.js","statementMap":{"0":{"start":{"line":1,"column":16},"end":{"line":20,"column":1}},"1":{"start":{"line":2,"column":2},"end":{"line":19,"column":4}}},"fnMap":{"0":{"name":"(anonymous_0)","decl":{"start":{"line":1,"column":16},"end":{"line":1,"column":17}},"loc":{"start":{"line":1,"column":22},"end":{"line":20,"column":1}},"line":1}},"branchMap":{},"s":{"0":1,"1":3},"f":{"0":3},"b":{},"_coverageSchema":"1a1c01bbd47fc00a2c39e90264f33305004495a9","hash":"370920c1640b048dd0674ae7f9fac3063af8633a"}
,"D:\\Learning Projects\\React\\src\\components\\Header.js": {"path":"D:\\Learning Projects\\React\\src\\components\\Header.js","statementMap":{"0":{"start":{"line":8,"column":22},"end":{"line":55,"column":1}},"1":{"start":{"line":9,"column":32},"end":{"line":9,"column":49}},"2":{"start":{"line":11,"column":19},"end":{"line":11,"column":36}},"3":{"start":{"line":13,"column":27},"end":{"line":13,"column":50}},"4":{"start":{"line":16,"column":20},"end":{"line":16,"column":60}},"5":{"start":{"line":16,"column":43},"end":{"line":16,"column":59}},"6":{"start":{"line":18,"column":2},"end":{"line":54,"column":4}},"7":{"start":{"line":44,"column":14},"end":{"line":44,"column":79}}},"fnMap":{"0":{"name":"(anonymous_0)","decl":{"start":{"line":8,"column":22},"end":{"line":8,"column":23}},"loc":{"start":{"line":8,"column":28},"end":{"line":55,"column":1}},"line":8},"1":{"name":"(anonymous_1)","decl":{"start":{"line":16,"column":32},"end":{"line":16,"column":33}},"loc":{"start":{"line":16,"column":43},"end":{"line":16,"column":59}},"line":16},"2":{"name":"(anonymous_2)","decl":{"start":{"line":43,"column":21},"end":{"line":43,"column":22}},"loc":{"start":{"line":43,"column":27},"end":{"line":45,"column":13}},"line":43}},"branchMap":{"0":{"loc":{"start":{"line":25,"column":47},"end":{"line":25,"column":69}},"type":"cond-expr","locations":[{"start":{"line":25,"column":58},"end":{"line":25,"column":62}},{"start":{"line":25,"column":65},"end":{"line":25,"column":69}}],"line":25},"1":{"loc":{"start":{"line":44,"column":14},"end":{"line":44,"column":78}},"type":"cond-expr","locations":[{"start":{"line":44,"column":36},"end":{"line":44,"column":56}},{"start":{"line":44,"column":59},"end":{"line":44,"column":78}}],"line":44}},"s":{"0":1,"1":5,"2":5,"3":5,"4":5,"5":9,"6":5,"7":1},"f":{"0":5,"1":9,"2":1},"b":{"0":[5,0],"1":[1,0]},"_coverageSchema":"1a1c01bbd47fc00a2c39e90264f33305004495a9","hash":"314fc69d8497fc279b8f9543f04fe1ed62860e0d"}
,"D:\\Learning Projects\\React\\src\\components\\RestaurantCard.js": {"path":"D:\\Learning Projects\\React\\src\\components\\RestaurantCard.js","statementMap":{"0":{"start":{"line":1,"column":23},"end":{"line":26,"column":1}},"1":{"start":{"line":2,"column":22},"end":{"line":2,"column":27}},"2":{"start":{"line":6,"column":4},"end":{"line":6,"column":17}},"3":{"start":{"line":8,"column":2},"end":{"line":25,"column":4}},"4":{"start":{"line":30,"column":33},"end":{"line":41,"column":1}},"5":{"start":{"line":31,"column":2},"end":{"line":40,"column":4}},"6":{"start":{"line":32,"column":4},"end":{"line":39,"column":6}}},"fnMap":{"0":{"name":"(anonymous_0)","decl":{"start":{"line":1,"column":23},"end":{"line":1,"column":24}},"loc":{"start":{"line":1,"column":34},"end":{"line":26,"column":1}},"line":1},"1":{"name":"(anonymous_1)","decl":{"start":{"line":30,"column":33},"end":{"line":30,"column":34}},"loc":{"start":{"line":30,"column":53},"end":{"line":41,"column":1}},"line":30},"2":{"name":"(anonymous_2)","decl":{"start":{"line":31,"column":9},"end":{"line":31,"column":10}},"loc":{"start":{"line":31,"column":20},"end":{"line":40,"column":3}},"line":31}},"branchMap":{},"s":{"0":2,"1":21,"2":21,"3":21,"4":2,"5":5,"6":8},"f":{"0":21,"1":5,"2":8},"b":{},"_coverageSchema":"1a1c01bbd47fc00a2c39e90264f33305004495a9","hash":"3a22eb496492ed24fb3b57f2b49817f53b5d278e"}
,"D:\\Learning Projects\\React\\src\\components\\sum.js": {"path":"D:\\Learning Projects\\React\\src\\components\\sum.js","statementMap":{"0":{"start":{"line":1,"column":19},"end":{"line":3,"column":1}},"1":{"start":{"line":2,"column":2},"end":{"line":2,"column":15}}},"fnMap":{"0":{"name":"(anonymous_0)","decl":{"start":{"line":1,"column":19},"end":{"line":1,"column":20}},"loc":{"start":{"line":1,"column":29},"end":{"line":3,"column":1}},"line":1}},"branchMap":{},"s":{"0":1,"1":1},"f":{"0":1},"b":{},"_coverageSchema":"1a1c01bbd47fc00a2c39e90264f33305004495a9","hash":"a12c6b4920649248997aadd6eda09da549b110ee"}
,"D:\\Learning Projects\\React\\src\\utils\\UserContext.js": {"path":"D:\\Learning Projects\\React\\src\\utils\\UserContext.js","statementMap":{"0":{"start":{"line":3,"column":20},"end":{"line":5,"column":2}}},"fnMap":{},"branchMap":{},"s":{"0":2},"f":{},"b":{},"_coverageSchema":"1a1c01bbd47fc00a2c39e90264f33305004495a9","hash":"2a84687696f3181b39645482098d9df18b231fa8"}
,"D:\\Learning Projects\\React\\src\\utils\\appStore.js": {"path":"D:\\Learning Projects\\React\\src\\utils\\appStore.js","statementMap":{"0":{"start":{"line":4,"column":17},"end":{"line":8,"column":2}}},"fnMap":{},"branchMap":{},"s":{"0":1},"f":{},"b":{},"_coverageSchema":"1a1c01bbd47fc00a2c39e90264f33305004495a9","hash":"8017e447a17264ebd5679402b5fd6a14a555770f"}
,"D:\\Learning Projects\\React\\src\\utils\\cartSlice.js": {"path":"D:\\Learning Projects\\React\\src\\utils\\cartSlice.js","statementMap":{"0":{"start":{"line":3,"column":18},"end":{"line":20,"column":2}},"1":{"start":{"line":10,"column":6},"end":{"line":10,"column":39}},"2":{"start":{"line":13,"column":6},"end":{"line":13,"column":80}},"3":{"start":{"line":13,"column":49},"end":{"line":13,"column":78}},"4":{"start":{"line":16,"column":6},"end":{"line":16,"column":29}},"5":{"start":{"line":23,"column":50},"end":{"line":23,"column":67}}},"fnMap":{"0":{"name":"(anonymous_0)","decl":{"start":{"line":9,"column":13},"end":{"line":9,"column":14}},"loc":{"start":{"line":9,"column":32},"end":{"line":11,"column":5}},"line":9},"1":{"name":"(anonymous_1)","decl":{"start":{"line":12,"column":16},"end":{"line":12,"column":17}},"loc":{"start":{"line":12,"column":35},"end":{"line":14,"column":5}},"line":12},"2":{"name":"(anonymous_2)","decl":{"start":{"line":13,"column":39},"end":{"line":13,"column":40}},"loc":{"start":{"line":13,"column":49},"end":{"line":13,"column":78}},"line":13},"3":{"name":"(anonymous_3)","decl":{"start":{"line":15,"column":15},"end":{"line":15,"column":16}},"loc":{"start":{"line":15,"column":26},"end":{"line":18,"column":5}},"line":15}},"branchMap":{},"s":{"0":1,"1":0,"2":0,"3":0,"4":0,"5":1},"f":{"0":0,"1":0,"2":0,"3":0},"b":{},"_coverageSchema":"1a1c01bbd47fc00a2c39e90264f33305004495a9","hash":"043aafa877dcea1d6ffee46ae9cf9fdcd06088cd"}
,"D:\\Learning Projects\\React\\src\\utils\\constants.js": {"path":"D:\\Learning Projects\\React\\src\\utils\\constants.js","statementMap":{"0":{"start":{"line":2,"column":2},"end":{"line":2,"column":74}},"1":{"start":{"line":4,"column":23},"end":{"line":4,"column":74}},"2":{"start":{"line":7,"column":2},"end":{"line":7,"column":64}}},"fnMap":{},"branchMap":{},"s":{"0":2,"1":2,"2":2},"f":{},"b":{},"_coverageSchema":"1a1c01bbd47fc00a2c39e90264f33305004495a9","hash":"4dce78d98730436f8173b03344ec6d723de6bdcc"}
,"D:\\Learning Projects\\React\\src\\utils\\useOnlineStatus.js": {"path":"D:\\Learning Projects\\React\\src\\utils\\useOnlineStatus.js","statementMap":{"0":{"start":{"line":3,"column":24},"end":{"line":15,"column":1}},"1":{"start":{"line":4,"column":34},"end":{"line":4,"column":48}},"2":{"start":{"line":6,"column":2},"end":{"line":12,"column":9}},"3":{"start":{"line":7,"column":25},"end":{"line":7,"column":48}},"4":{"start":{"line":7,"column":31},"end":{"line":7,"column":48}},"5":{"start":{"line":8,"column":26},"end":{"line":8,"column":50}},"6":{"start":{"line":8,"column":32},"end":{"line":8,"column":50}},"7":{"start":{"line":9,"column":4},"end":{"line":9,"column":52}},"8":{"start":{"line":10,"column":4},"end":{"line":10,"column":54}},"9":{"start":{"line":14,"column":2},"end":{"line":14,"column":18}}},"fnMap":{"0":{"name":"(anonymous_0)","decl":{"start":{"line":3,"column":24},"end":{"line":3,"column":25}},"loc":{"start":{"line":3,"column":30},"end":{"line":15,"column":1}},"line":3},"1":{"name":"(anonymous_1)","decl":{"start":{"line":6,"column":12},"end":{"line":6,"column":13}},"loc":{"start":{"line":6,"column":18},"end":{"line":12,"column":3}},"line":6},"2":{"name":"(anonymous_2)","decl":{"start":{"line":7,"column":25},"end":{"line":7,"column":26}},"loc":{"start":{"line":7,"column":31},"end":{"line":7,"column":48}},"line":7},"3":{"name":"(anonymous_3)","decl":{"start":{"line":8,"column":26},"end":{"line":8,"column":27}},"loc":{"start":{"line":8,"column":32},"end":{"line":8,"column":50}},"line":8}},"branchMap":{},"s":{"0":1,"1":5,"2":5,"3":4,"4":0,"5":4,"6":0,"7":4,"8":4,"9":5},"f":{"0":5,"1":4,"2":0,"3":0},"b":{},"_coverageSchema":"1a1c01bbd47fc00a2c39e90264f33305004495a9","hash":"d74a959c35dbdd86681be797856fc38c978b4ea4"}
}
