{"D:\\Dev Work\\Learn React\\src\\Shimmer.js": {"path":"D:\\Dev Work\\Learn React\\src\\Shimmer.js","statementMap":{"0":{"start":{"line":1,"column":16},"end":{"line":9,"column":1}},"1":{"start":{"line":2,"column":2},"end":{"line":8,"column":4}}},"fnMap":{"0":{"name":"(anonymous_0)","decl":{"start":{"line":1,"column":16},"end":{"line":1,"column":17}},"loc":{"start":{"line":1,"column":22},"end":{"line":9,"column":1}},"line":1}},"branchMap":{},"s":{"0":2,"1":2},"f":{"0":2},"b":{},"_coverageSchema":"1a1c01bbd47fc00a2c39e90264f33305004495a9","hash":"76750471da398b0bad91dfeb7159d4e0ea68bf58"}
,"D:\\Dev Work\\Learn React\\src\\components\\Body.js": {"path":"D:\\Dev Work\\Learn React\\src\\components\\Body.js","statementMap":{"0":{"start":{"line":10,"column":13},"end":{"line":140,"column":1}},"1":{"start":{"line":11,"column":52},"end":{"line":11,"column":64}},"2":{"start":{"line":12,"column":42},"end":{"line":12,"column":54}},"3":{"start":{"line":14,"column":38},"end":{"line":14,"column":50}},"4":{"start":{"line":16,"column":33},"end":{"line":16,"column":66}},"5":{"start":{"line":18,"column":2},"end":{"line":20,"column":9}},"6":{"start":{"line":19,"column":4},"end":{"line":19,"column":16}},"7":{"start":{"line":22,"column":20},"end":{"line":46,"column":3}},"8":{"start":{"line":23,"column":4},"end":{"line":45,"column":5}},"9":{"start":{"line":30,"column":23},"end":{"line":32,"column":7}},"10":{"start":{"line":33,"column":19},"end":{"line":33,"column":32}},"11":{"start":{"line":36,"column":8},"end":{"line":37,"column":29}},"12":{"start":{"line":39,"column":6},"end":{"line":39,"column":40}},"13":{"start":{"line":40,"column":6},"end":{"line":40,"column":35}},"14":{"start":{"line":42,"column":6},"end":{"line":42,"column":44}},"15":{"start":{"line":43,"column":6},"end":{"line":43,"column":31}},"16":{"start":{"line":44,"column":6},"end":{"line":44,"column":26}},"17":{"start":{"line":48,"column":19},"end":{"line":48,"column":36}},"18":{"start":{"line":49,"column":2},"end":{"line":51,"column":3}},"19":{"start":{"line":50,"column":4},"end":{"line":50,"column":79}},"20":{"start":{"line":53,"column":40},"end":{"line":53,"column":63}},"21":{"start":{"line":55,"column":2},"end":{"line":55,"column":40}},"22":{"start":{"line":55,"column":21},"end":{"line":55,"column":40}},"23":{"start":{"line":56,"column":2},"end":{"line":57,"column":23}},"24":{"start":{"line":57,"column":4},"end":{"line":57,"column":23}},"25":{"start":{"line":59,"column":2},"end":{"line":139,"column":4}},"26":{"start":{"line":69,"column":14},"end":{"line":69,"column":44}},"27":{"start":{"line":75,"column":42},"end":{"line":80,"column":15}},"28":{"start":{"line":77,"column":18},"end":{"line":79,"column":55}},"29":{"start":{"line":81,"column":14},"end":{"line":81,"column":59}},"30":{"start":{"line":81,"column":52},"end":{"line":81,"column":59}},"31":{"start":{"line":82,"column":14},"end":{"line":82,"column":51}},"32":{"start":{"line":83,"column":14},"end":{"line":83,"column":38}},"33":{"start":{"line":94,"column":35},"end":{"line":96,"column":15}},"34":{"start":{"line":95,"column":32},"end":{"line":95,"column":63}},"35":{"start":{"line":97,"column":14},"end":{"line":97,"column":44}},"36":{"start":{"line":98,"column":14},"end":{"line":98,"column":40}},"37":{"start":{"line":108,"column":14},"end":{"line":108,"column":26}},"38":{"start":{"line":117,"column":29},"end":{"line":117,"column":56}},"39":{"start":{"line":123,"column":10},"end":{"line":135,"column":17}}},"fnMap":{"0":{"name":"(anonymous_0)","decl":{"start":{"line":10,"column":13},"end":{"line":10,"column":14}},"loc":{"start":{"line":10,"column":19},"end":{"line":140,"column":1}},"line":10},"1":{"name":"(anonymous_1)","decl":{"start":{"line":18,"column":12},"end":{"line":18,"column":13}},"loc":{"start":{"line":18,"column":18},"end":{"line":20,"column":3}},"line":18},"2":{"name":"(anonymous_2)","decl":{"start":{"line":22,"column":20},"end":{"line":22,"column":21}},"loc":{"start":{"line":22,"column":32},"end":{"line":46,"column":3}},"line":22},"3":{"name":"(anonymous_3)","decl":{"start":{"line":68,"column":22},"end":{"line":68,"column":23}},"loc":{"start":{"line":68,"column":29},"end":{"line":70,"column":13}},"line":68},"4":{"name":"(anonymous_4)","decl":{"start":{"line":74,"column":21},"end":{"line":74,"column":22}},"loc":{"start":{"line":74,"column":27},"end":{"line":84,"column":13}},"line":74},"5":{"name":"(anonymous_5)","decl":{"start":{"line":76,"column":16},"end":{"line":76,"column":17}},"loc":{"start":{"line":77,"column":18},"end":{"line":79,"column":55}},"line":77},"6":{"name":"(anonymous_6)","decl":{"start":{"line":93,"column":21},"end":{"line":93,"column":22}},"loc":{"start":{"line":93,"column":27},"end":{"line":99,"column":13}},"line":93},"7":{"name":"(anonymous_7)","decl":{"start":{"line":95,"column":16},"end":{"line":95,"column":17}},"loc":{"start":{"line":95,"column":32},"end":{"line":95,"column":63}},"line":95},"8":{"name":"(anonymous_8)","decl":{"start":{"line":107,"column":21},"end":{"line":107,"column":22}},"loc":{"start":{"line":107,"column":27},"end":{"line":109,"column":13}},"line":107},"9":{"name":"(anonymous_9)","decl":{"start":{"line":117,"column":22},"end":{"line":117,"column":23}},"loc":{"start":{"line":117,"column":29},"end":{"line":117,"column":56}},"line":117},"10":{"name":"(anonymous_10)","decl":{"start":{"line":122,"column":26},"end":{"line":122,"column":27}},"loc":{"start":{"line":123,"column":10},"end":{"line":135,"column":17}},"line":123}},"branchMap":{"0":{"loc":{"start":{"line":36,"column":8},"end":{"line":37,"column":29}},"type":"binary-expr","locations":[{"start":{"line":36,"column":8},"end":{"line":37,"column":23}},{"start":{"line":37,"column":27},"end":{"line":37,"column":29}}],"line":36},"1":{"loc":{"start":{"line":49,"column":2},"end":{"line":51,"column":3}},"type":"if","locations":[{"start":{"line":49,"column":2},"end":{"line":51,"column":3}},{"start":{},"end":{}}],"line":49},"2":{"loc":{"start":{"line":55,"column":2},"end":{"line":55,"column":40}},"type":"if","locations":[{"start":{"line":55,"column":2},"end":{"line":55,"column":40}},{"start":{},"end":{}}],"line":55},"3":{"loc":{"start":{"line":56,"column":2},"end":{"line":57,"column":23}},"type":"if","locations":[{"start":{"line":56,"column":2},"end":{"line":57,"column":23}},{"start":{},"end":{}}],"line":56},"4":{"loc":{"start":{"line":56,"column":6},"end":{"line":56,"column":65}},"type":"binary-expr","locations":[{"start":{"line":56,"column":6},"end":{"line":56,"column":31}},{"start":{"line":56,"column":35},"end":{"line":56,"column":65}}],"line":56},"5":{"loc":{"start":{"line":81,"column":14},"end":{"line":81,"column":59}},"type":"if","locations":[{"start":{"line":81,"column":14},"end":{"line":81,"column":59}},{"start":{},"end":{}}],"line":81},"6":{"loc":{"start":{"line":129,"column":14},"end":{"line":133,"column":15}},"type":"cond-expr","locations":[{"start":{"line":130,"column":16},"end":{"line":130,"column":63}},{"start":{"line":132,"column":16},"end":{"line":132,"column":55}}],"line":129}},"s":{"0":1,"1":4,"2":4,"3":4,"4":4,"5":4,"6":1,"7":4,"8":1,"9":1,"10":1,"11":1,"12":1,"13":1,"14":0,"15":0,"16":0,"17":4,"18":4,"19":0,"20":4,"21":4,"22":0,"23":4,"24":1,"25":3,"26":1,"27":1,"28":9,"29":1,"30":0,"31":1,"32":1,"33":0,"34":0,"35":0,"36":0,"37":0,"38":0,"39":19},"f":{"0":4,"1":1,"2":1,"3":1,"4":1,"5":9,"6":0,"7":0,"8":0,"9":0,"10":19},"b":{"0":[1,0],"1":[0,4],"2":[0,4],"3":[1,3],"4":[4,1],"5":[0,1],"6":[7,12]},"_coverageSchema":"1a1c01bbd47fc00a2c39e90264f33305004495a9","hash":"1dd28f68a9538761c84b4da65034d32235ce595d"}
,"D:\\Dev Work\\Learn React\\src\\components\\Cart.js": {"path":"D:\\Dev Work\\Learn React\\src\\components\\Cart.js","statementMap":{"0":{"start":{"line":5,"column":13},"end":{"line":29,"column":1}},"1":{"start":{"line":6,"column":20},"end":{"line":6,"column":60}},"2":{"start":{"line":6,"column":43},"end":{"line":6,"column":59}},"3":{"start":{"line":7,"column":19},"end":{"line":7,"column":32}},"4":{"start":{"line":9,"column":26},"end":{"line":12,"column":3}},"5":{"start":{"line":11,"column":4},"end":{"line":11,"column":26}},"6":{"start":{"line":14,"column":2},"end":{"line":28,"column":4}}},"fnMap":{"0":{"name":"(anonymous_0)","decl":{"start":{"line":5,"column":13},"end":{"line":5,"column":14}},"loc":{"start":{"line":5,"column":19},"end":{"line":29,"column":1}},"line":5},"1":{"name":"(anonymous_1)","decl":{"start":{"line":6,"column":32},"end":{"line":6,"column":33}},"loc":{"start":{"line":6,"column":43},"end":{"line":6,"column":59}},"line":6},"2":{"name":"(anonymous_2)","decl":{"start":{"line":9,"column":26},"end":{"line":9,"column":27}},"loc":{"start":{"line":9,"column":32},"end":{"line":12,"column":3}},"line":9}},"branchMap":{"0":{"loc":{"start":{"line":24,"column":9},"end":{"line":24,"column":61}},"type":"binary-expr","locations":[{"start":{"line":24,"column":9},"end":{"line":24,"column":31}},{"start":{"line":24,"column":35},"end":{"line":24,"column":61}}],"line":24}},"s":{"0":1,"1":3,"2":6,"3":3,"4":3,"5":1,"6":3},"f":{"0":3,"1":6,"2":1},"b":{"0":[3,2]},"_coverageSchema":"1a1c01bbd47fc00a2c39e90264f33305004495a9","hash":"06310ec61b3ce038a0f54815eb94fbb24ce0a502"}
,"D:\\Dev Work\\Learn React\\src\\components\\Contact.js": {"path":"D:\\Dev Work\\Learn React\\src\\components\\Contact.js","statementMap":{"0":{"start":{"line":1,"column":16},"end":{"line":20,"column":1}},"1":{"start":{"line":2,"column":2},"end":{"line":19,"column":4}}},"fnMap":{"0":{"name":"(anonymous_0)","decl":{"start":{"line":1,"column":16},"end":{"line":1,"column":17}},"loc":{"start":{"line":1,"column":22},"end":{"line":20,"column":1}},"line":1}},"branchMap":{},"s":{"0":1,"1":3},"f":{"0":3},"b":{},"_coverageSchema":"1a1c01bbd47fc00a2c39e90264f33305004495a9","hash":"cefb795a84a5605f486ecb7b65c277e4f8eab4d4"}
,"D:\\Dev Work\\Learn React\\src\\components\\Header.js": {"path":"D:\\Dev Work\\Learn React\\src\\components\\Header.js","statementMap":{"0":{"start":{"line":8,"column":22},"end":{"line":55,"column":1}},"1":{"start":{"line":9,"column":32},"end":{"line":9,"column":49}},"2":{"start":{"line":11,"column":19},"end":{"line":11,"column":36}},"3":{"start":{"line":13,"column":27},"end":{"line":13,"column":50}},"4":{"start":{"line":16,"column":20},"end":{"line":16,"column":60}},"5":{"start":{"line":16,"column":43},"end":{"line":16,"column":59}},"6":{"start":{"line":18,"column":2},"end":{"line":54,"column":4}},"7":{"start":{"line":44,"column":14},"end":{"line":44,"column":79}}},"fnMap":{"0":{"name":"(anonymous_0)","decl":{"start":{"line":8,"column":22},"end":{"line":8,"column":23}},"loc":{"start":{"line":8,"column":28},"end":{"line":55,"column":1}},"line":8},"1":{"name":"(anonymous_1)","decl":{"start":{"line":16,"column":32},"end":{"line":16,"column":33}},"loc":{"start":{"line":16,"column":43},"end":{"line":16,"column":59}},"line":16},"2":{"name":"(anonymous_2)","decl":{"start":{"line":43,"column":21},"end":{"line":43,"column":22}},"loc":{"start":{"line":43,"column":27},"end":{"line":45,"column":13}},"line":43}},"branchMap":{"0":{"loc":{"start":{"line":25,"column":47},"end":{"line":25,"column":69}},"type":"cond-expr","locations":[{"start":{"line":25,"column":58},"end":{"line":25,"column":62}},{"start":{"line":25,"column":65},"end":{"line":25,"column":69}}],"line":25},"1":{"loc":{"start":{"line":44,"column":14},"end":{"line":44,"column":78}},"type":"cond-expr","locations":[{"start":{"line":44,"column":36},"end":{"line":44,"column":56}},{"start":{"line":44,"column":59},"end":{"line":44,"column":78}}],"line":44}},"s":{"0":2,"1":8,"2":8,"3":8,"4":8,"5":15,"6":8,"7":1},"f":{"0":8,"1":15,"2":1},"b":{"0":[8,0],"1":[1,0]},"_coverageSchema":"1a1c01bbd47fc00a2c39e90264f33305004495a9","hash":"1c12331d3b04a97642a5d8e1fb9c97a67f325b24"}
,"D:\\Dev Work\\Learn React\\src\\components\\ItemList.js": {"path":"D:\\Dev Work\\Learn React\\src\\components\\ItemList.js","statementMap":{"0":{"start":{"line":4,"column":17},"end":{"line":49,"column":1}},"1":{"start":{"line":5,"column":19},"end":{"line":5,"column":32}},"2":{"start":{"line":7,"column":24},"end":{"line":10,"column":3}},"3":{"start":{"line":9,"column":4},"end":{"line":9,"column":28}},"4":{"start":{"line":12,"column":2},"end":{"line":48,"column":4}},"5":{"start":{"line":15,"column":8},"end":{"line":38,"column":14}},"6":{"start":{"line":32,"column":31},"end":{"line":32,"column":50}}},"fnMap":{"0":{"name":"(anonymous_0)","decl":{"start":{"line":4,"column":17},"end":{"line":4,"column":18}},"loc":{"start":{"line":4,"column":28},"end":{"line":49,"column":1}},"line":4},"1":{"name":"(anonymous_1)","decl":{"start":{"line":7,"column":24},"end":{"line":7,"column":25}},"loc":{"start":{"line":7,"column":34},"end":{"line":10,"column":3}},"line":7},"2":{"name":"(anonymous_2)","decl":{"start":{"line":14,"column":23},"end":{"line":14,"column":24}},"loc":{"start":{"line":15,"column":8},"end":{"line":38,"column":14}},"line":15},"3":{"name":"(anonymous_3)","decl":{"start":{"line":32,"column":25},"end":{"line":32,"column":26}},"loc":{"start":{"line":32,"column":31},"end":{"line":32,"column":50}},"line":32}},"branchMap":{},"s":{"0":1,"1":4,"2":4,"3":1,"4":4,"5":4,"6":1},"f":{"0":4,"1":1,"2":4,"3":1},"b":{},"_coverageSchema":"1a1c01bbd47fc00a2c39e90264f33305004495a9","hash":"a87b592299c7f8746561e0766c7aee1fdbf73b38"}
,"D:\\Dev Work\\Learn React\\src\\components\\RestaurantCard.js": {"path":"D:\\Dev Work\\Learn React\\src\\components\\RestaurantCard.js","statementMap":{"0":{"start":{"line":1,"column":23},"end":{"line":26,"column":1}},"1":{"start":{"line":2,"column":22},"end":{"line":2,"column":27}},"2":{"start":{"line":6,"column":4},"end":{"line":6,"column":17}},"3":{"start":{"line":8,"column":2},"end":{"line":25,"column":4}},"4":{"start":{"line":30,"column":33},"end":{"line":41,"column":1}},"5":{"start":{"line":31,"column":2},"end":{"line":40,"column":4}},"6":{"start":{"line":32,"column":4},"end":{"line":39,"column":6}}},"fnMap":{"0":{"name":"(anonymous_0)","decl":{"start":{"line":1,"column":23},"end":{"line":1,"column":24}},"loc":{"start":{"line":1,"column":34},"end":{"line":26,"column":1}},"line":1},"1":{"name":"(anonymous_1)","decl":{"start":{"line":30,"column":33},"end":{"line":30,"column":34}},"loc":{"start":{"line":30,"column":53},"end":{"line":41,"column":1}},"line":30},"2":{"name":"(anonymous_2)","decl":{"start":{"line":31,"column":9},"end":{"line":31,"column":10}},"loc":{"start":{"line":31,"column":20},"end":{"line":40,"column":3}},"line":31}},"branchMap":{},"s":{"0":2,"1":21,"2":21,"3":21,"4":2,"5":5,"6":8},"f":{"0":21,"1":5,"2":8},"b":{},"_coverageSchema":"1a1c01bbd47fc00a2c39e90264f33305004495a9","hash":"9b66f354ca7fef3179f3d61cb31f16f78b11f77c"}
,"D:\\Dev Work\\Learn React\\src\\components\\RestaurantCategory.js": {"path":"D:\\Dev Work\\Learn React\\src\\components\\RestaurantCategory.js","statementMap":{"0":{"start":{"line":3,"column":27},"end":{"line":26,"column":1}},"1":{"start":{"line":4,"column":22},"end":{"line":6,"column":3}},"2":{"start":{"line":5,"column":4},"end":{"line":5,"column":19}},"3":{"start":{"line":8,"column":2},"end":{"line":25,"column":4}}},"fnMap":{"0":{"name":"(anonymous_0)","decl":{"start":{"line":3,"column":27},"end":{"line":3,"column":28}},"loc":{"start":{"line":3,"column":65},"end":{"line":26,"column":1}},"line":3},"1":{"name":"(anonymous_1)","decl":{"start":{"line":4,"column":22},"end":{"line":4,"column":23}},"loc":{"start":{"line":4,"column":28},"end":{"line":6,"column":3}},"line":4}},"branchMap":{"0":{"loc":{"start":{"line":21,"column":9},"end":{"line":21,"column":53}},"type":"binary-expr","locations":[{"start":{"line":21,"column":9},"end":{"line":21,"column":17}},{"start":{"line":21,"column":21},"end":{"line":21,"column":53}}],"line":21}},"s":{"0":1,"1":2,"2":0,"3":2},"f":{"0":2,"1":0},"b":{"0":[2,1]},"_coverageSchema":"1a1c01bbd47fc00a2c39e90264f33305004495a9","hash":"f756cfc0b5d3a118b0aeab82518d3175bf703f85"}
,"D:\\Dev Work\\Learn React\\src\\components\\RestaurantMenu.js": {"path":"D:\\Dev Work\\Learn React\\src\\components\\RestaurantMenu.js","statementMap":{"0":{"start":{"line":7,"column":23},"end":{"line":44,"column":1}},"1":{"start":{"line":8,"column":17},"end":{"line":8,"column":28}},"2":{"start":{"line":10,"column":19},"end":{"line":10,"column":40}},"3":{"start":{"line":12,"column":36},"end":{"line":12,"column":47}},"4":{"start":{"line":14,"column":15},"end":{"line":14,"column":23}},"5":{"start":{"line":16,"column":21},"end":{"line":16,"column":37}},"6":{"start":{"line":18,"column":2},"end":{"line":18,"column":32}},"7":{"start":{"line":18,"column":13},"end":{"line":18,"column":32}},"8":{"start":{"line":20,"column":41},"end":{"line":20,"column":45}},"9":{"start":{"line":22,"column":2},"end":{"line":43,"column":4}},"10":{"start":{"line":33,"column":8},"end":{"line":40,"column":10}},"11":{"start":{"line":38,"column":12},"end":{"line":38,"column":67}},"12":{"start":{"line":38,"column":36},"end":{"line":38,"column":65}}},"fnMap":{"0":{"name":"(anonymous_0)","decl":{"start":{"line":7,"column":23},"end":{"line":7,"column":24}},"loc":{"start":{"line":7,"column":29},"end":{"line":44,"column":1}},"line":7},"1":{"name":"(anonymous_1)","decl":{"start":{"line":32,"column":22},"end":{"line":32,"column":23}},"loc":{"start":{"line":33,"column":8},"end":{"line":40,"column":10}},"line":33},"2":{"name":"(anonymous_2)","decl":{"start":{"line":37,"column":24},"end":{"line":37,"column":25}},"loc":{"start":{"line":38,"column":12},"end":{"line":38,"column":67}},"line":38},"3":{"name":"(anonymous_3)","decl":{"start":{"line":38,"column":25},"end":{"line":38,"column":26}},"loc":{"start":{"line":38,"column":36},"end":{"line":38,"column":65}},"line":38}},"branchMap":{"0":{"loc":{"start":{"line":18,"column":2},"end":{"line":18,"column":32}},"type":"if","locations":[{"start":{"line":18,"column":2},"end":{"line":18,"column":32}},{"start":{},"end":{}}],"line":18},"1":{"loc":{"start":{"line":22,"column":9},"end":{"line":43,"column":3}},"type":"cond-expr","locations":[{"start":{"line":23,"column":4},"end":{"line":23,"column":15}},{"start":{"line":25,"column":4},"end":{"line":42,"column":10}}],"line":22},"2":{"loc":{"start":{"line":36,"column":20},"end":{"line":36,"column":54}},"type":"cond-expr","locations":[{"start":{"line":36,"column":42},"end":{"line":36,"column":46}},{"start":{"line":36,"column":49},"end":{"line":36,"column":54}}],"line":36},"3":{"loc":{"start":{"line":38,"column":36},"end":{"line":38,"column":65}},"type":"cond-expr","locations":[{"start":{"line":38,"column":53},"end":{"line":38,"column":57}},{"start":{"line":38,"column":60},"end":{"line":38,"column":65}}],"line":38}},"s":{"0":1,"1":2,"2":2,"3":2,"4":2,"5":2,"6":2,"7":1,"8":1,"9":1,"10":2,"11":0,"12":0},"f":{"0":2,"1":2,"2":0,"3":0},"b":{"0":[1,1],"1":[0,1],"2":[1,1],"3":[0,0]},"_coverageSchema":"1a1c01bbd47fc00a2c39e90264f33305004495a9","hash":"7cb49e009d6322ff6ad67c46ef59ab4d6ace1085"}
,"D:\\Dev Work\\Learn React\\src\\components\\sum.js": {"path":"D:\\Dev Work\\Learn React\\src\\components\\sum.js","statementMap":{"0":{"start":{"line":1,"column":19},"end":{"line":3,"column":1}},"1":{"start":{"line":2,"column":2},"end":{"line":2,"column":15}}},"fnMap":{"0":{"name":"(anonymous_0)","decl":{"start":{"line":1,"column":19},"end":{"line":1,"column":20}},"loc":{"start":{"line":1,"column":29},"end":{"line":3,"column":1}},"line":1}},"branchMap":{},"s":{"0":1,"1":1},"f":{"0":1},"b":{},"_coverageSchema":"1a1c01bbd47fc00a2c39e90264f33305004495a9","hash":"8c3078a8667d8937fc74874d8038dcfc57118739"}
,"D:\\Dev Work\\Learn React\\src\\utils\\UserContext.js": {"path":"D:\\Dev Work\\Learn React\\src\\utils\\UserContext.js","statementMap":{"0":{"start":{"line":3,"column":20},"end":{"line":5,"column":2}}},"fnMap":{},"branchMap":{},"s":{"0":3},"f":{},"b":{},"_coverageSchema":"1a1c01bbd47fc00a2c39e90264f33305004495a9","hash":"22dbbb518194ec98faaef98785e781baf4d422c2"}
,"D:\\Dev Work\\Learn React\\src\\utils\\appStore.js": {"path":"D:\\Dev Work\\Learn React\\src\\utils\\appStore.js","statementMap":{"0":{"start":{"line":4,"column":17},"end":{"line":8,"column":2}}},"fnMap":{},"branchMap":{},"s":{"0":2},"f":{},"b":{},"_coverageSchema":"1a1c01bbd47fc00a2c39e90264f33305004495a9","hash":"1c9d06cfac32faeaae51eeb0a7c96fa134d817c7"}
,"D:\\Dev Work\\Learn React\\src\\utils\\cartSlice.js": {"path":"D:\\Dev Work\\Learn React\\src\\utils\\cartSlice.js","statementMap":{"0":{"start":{"line":3,"column":18},"end":{"line":20,"column":2}},"1":{"start":{"line":10,"column":6},"end":{"line":10,"column":39}},"2":{"start":{"line":13,"column":6},"end":{"line":13,"column":80}},"3":{"start":{"line":13,"column":49},"end":{"line":13,"column":78}},"4":{"start":{"line":16,"column":6},"end":{"line":16,"column":29}},"5":{"start":{"line":23,"column":50},"end":{"line":23,"column":67}}},"fnMap":{"0":{"name":"(anonymous_0)","decl":{"start":{"line":9,"column":13},"end":{"line":9,"column":14}},"loc":{"start":{"line":9,"column":32},"end":{"line":11,"column":5}},"line":9},"1":{"name":"(anonymous_1)","decl":{"start":{"line":12,"column":16},"end":{"line":12,"column":17}},"loc":{"start":{"line":12,"column":35},"end":{"line":14,"column":5}},"line":12},"2":{"name":"(anonymous_2)","decl":{"start":{"line":13,"column":39},"end":{"line":13,"column":40}},"loc":{"start":{"line":13,"column":49},"end":{"line":13,"column":78}},"line":13},"3":{"name":"(anonymous_3)","decl":{"start":{"line":15,"column":15},"end":{"line":15,"column":16}},"loc":{"start":{"line":15,"column":26},"end":{"line":18,"column":5}},"line":15}},"branchMap":{},"s":{"0":2,"1":1,"2":0,"3":0,"4":1,"5":2},"f":{"0":1,"1":0,"2":0,"3":1},"b":{},"_coverageSchema":"1a1c01bbd47fc00a2c39e90264f33305004495a9","hash":"fbb39c767aef3623c44ad1f7a5fc246a82bf415d"}
,"D:\\Dev Work\\Learn React\\src\\utils\\constants.js": {"path":"D:\\Dev Work\\Learn React\\src\\utils\\constants.js","statementMap":{"0":{"start":{"line":2,"column":2},"end":{"line":2,"column":74}},"1":{"start":{"line":4,"column":23},"end":{"line":4,"column":74}},"2":{"start":{"line":7,"column":2},"end":{"line":7,"column":64}}},"fnMap":{},"branchMap":{},"s":{"0":3,"1":3,"2":3},"f":{},"b":{},"_coverageSchema":"1a1c01bbd47fc00a2c39e90264f33305004495a9","hash":"50b295b319fd9b5e1e6cee33e6b9a907031bf91a"}
,"D:\\Dev Work\\Learn React\\src\\utils\\useOnlineStatus.js": {"path":"D:\\Dev Work\\Learn React\\src\\utils\\useOnlineStatus.js","statementMap":{"0":{"start":{"line":3,"column":24},"end":{"line":15,"column":1}},"1":{"start":{"line":4,"column":34},"end":{"line":4,"column":48}},"2":{"start":{"line":6,"column":2},"end":{"line":12,"column":9}},"3":{"start":{"line":7,"column":25},"end":{"line":7,"column":48}},"4":{"start":{"line":7,"column":31},"end":{"line":7,"column":48}},"5":{"start":{"line":8,"column":26},"end":{"line":8,"column":50}},"6":{"start":{"line":8,"column":32},"end":{"line":8,"column":50}},"7":{"start":{"line":9,"column":4},"end":{"line":9,"column":52}},"8":{"start":{"line":10,"column":4},"end":{"line":10,"column":54}},"9":{"start":{"line":14,"column":2},"end":{"line":14,"column":18}}},"fnMap":{"0":{"name":"(anonymous_0)","decl":{"start":{"line":3,"column":24},"end":{"line":3,"column":25}},"loc":{"start":{"line":3,"column":30},"end":{"line":15,"column":1}},"line":3},"1":{"name":"(anonymous_1)","decl":{"start":{"line":6,"column":12},"end":{"line":6,"column":13}},"loc":{"start":{"line":6,"column":18},"end":{"line":12,"column":3}},"line":6},"2":{"name":"(anonymous_2)","decl":{"start":{"line":7,"column":25},"end":{"line":7,"column":26}},"loc":{"start":{"line":7,"column":31},"end":{"line":7,"column":48}},"line":7},"3":{"name":"(anonymous_3)","decl":{"start":{"line":8,"column":26},"end":{"line":8,"column":27}},"loc":{"start":{"line":8,"column":32},"end":{"line":8,"column":50}},"line":8}},"branchMap":{},"s":{"0":2,"1":8,"2":8,"3":5,"4":0,"5":5,"6":0,"7":5,"8":5,"9":8},"f":{"0":8,"1":5,"2":0,"3":0},"b":{},"_coverageSchema":"1a1c01bbd47fc00a2c39e90264f33305004495a9","hash":"d95ab1b4e6a313a9a4bb1b0186e95f44c96f394e"}
,"D:\\Dev Work\\Learn React\\src\\utils\\useRestaurantMenu.js": {"path":"D:\\Dev Work\\Learn React\\src\\utils\\useRestaurantMenu.js","statementMap":{"0":{"start":{"line":5,"column":26},"end":{"line":30,"column":1}},"1":{"start":{"line":6,"column":34},"end":{"line":6,"column":48}},"2":{"start":{"line":8,"column":2},"end":{"line":10,"column":9}},"3":{"start":{"line":9,"column":4},"end":{"line":9,"column":16}},"4":{"start":{"line":12,"column":20},"end":{"line":28,"column":3}},"5":{"start":{"line":13,"column":17},"end":{"line":16,"column":5}},"6":{"start":{"line":17,"column":17},"end":{"line":17,"column":34}},"7":{"start":{"line":20,"column":6},"end":{"line":21,"column":27}},"8":{"start":{"line":24,"column":6},"end":{"line":24,"column":71}},"9":{"start":{"line":24,"column":30},"end":{"line":24,"column":56}},"10":{"start":{"line":27,"column":4},"end":{"line":27,"column":28}},"11":{"start":{"line":29,"column":2},"end":{"line":29,"column":18}}},"fnMap":{"0":{"name":"(anonymous_0)","decl":{"start":{"line":5,"column":26},"end":{"line":5,"column":27}},"loc":{"start":{"line":5,"column":34},"end":{"line":30,"column":1}},"line":5},"1":{"name":"(anonymous_1)","decl":{"start":{"line":8,"column":12},"end":{"line":8,"column":13}},"loc":{"start":{"line":8,"column":18},"end":{"line":10,"column":3}},"line":8},"2":{"name":"(anonymous_2)","decl":{"start":{"line":12,"column":20},"end":{"line":12,"column":21}},"loc":{"start":{"line":12,"column":32},"end":{"line":28,"column":3}},"line":12},"3":{"name":"(anonymous_3)","decl":{"start":{"line":24,"column":23},"end":{"line":24,"column":24}},"loc":{"start":{"line":24,"column":30},"end":{"line":24,"column":56}},"line":24}},"branchMap":{"0":{"loc":{"start":{"line":20,"column":6},"end":{"line":21,"column":27}},"type":"binary-expr","locations":[{"start":{"line":20,"column":6},"end":{"line":21,"column":21}},{"start":{"line":21,"column":25},"end":{"line":21,"column":27}}],"line":20},"1":{"loc":{"start":{"line":24,"column":6},"end":{"line":24,"column":71}},"type":"binary-expr","locations":[{"start":{"line":24,"column":6},"end":{"line":24,"column":63}},{"start":{"line":24,"column":67},"end":{"line":24,"column":71}}],"line":24}},"s":{"0":1,"1":2,"2":2,"3":1,"4":2,"5":1,"6":1,"7":1,"8":1,"9":1,"10":1,"11":2},"f":{"0":2,"1":1,"2":1,"3":1},"b":{"0":[1,0],"1":[1,0]},"_coverageSchema":"1a1c01bbd47fc00a2c39e90264f33305004495a9","hash":"8100ce55fd5438724e43f49515e60e31423640c9"}
}
