TN:
SF:src\Shimmer.js
FN:1,(anonymous_0)
FNF:1
FNH:1
FNDA:2,(anonymous_0)
DA:1,2
DA:2,2
LF:2
LH:2
BRF:0
BRH:0
end_of_record
TN:
SF:src\components\Body.js
FN:10,(anonymous_0)
FN:18,(anonymous_1)
FN:22,(anonymous_2)
FN:68,(anonymous_3)
FN:74,(anonymous_4)
FN:76,(anonymous_5)
FN:93,(anonymous_6)
FN:95,(anonymous_7)
FN:107,(anonymous_8)
FN:117,(anonymous_9)
FN:122,(anonymous_10)
FNF:11
FNH:7
FNDA:4,(anonymous_0)
FNDA:1,(anonymous_1)
FNDA:1,(anonymous_2)
FNDA:1,(anonymous_3)
FNDA:1,(anonymous_4)
FNDA:9,(anonymous_5)
FNDA:0,(anonymous_6)
FNDA:0,(anonymous_7)
FNDA:0,(anonymous_8)
FNDA:0,(anonymous_9)
FNDA:19,(anonymous_10)
DA:10,1
DA:11,4
DA:12,4
DA:14,4
DA:16,4
DA:18,4
DA:19,1
DA:22,4
DA:23,1
DA:30,1
DA:33,1
DA:36,1
DA:39,1
DA:40,1
DA:42,0
DA:43,0
DA:44,0
DA:48,4
DA:49,4
DA:50,0
DA:53,4
DA:55,4
DA:56,4
DA:57,1
DA:59,3
DA:69,1
DA:75,1
DA:77,9
DA:81,1
DA:82,1
DA:83,1
DA:94,0
DA:95,0
DA:97,0
DA:98,0
DA:108,0
DA:117,0
DA:123,19
LF:38
LH:28
BRDA:36,0,0,1
BRDA:36,0,1,0
BRDA:49,1,0,0
BRDA:49,1,1,4
BRDA:55,2,0,0
BRDA:55,2,1,4
BRDA:56,3,0,1
BRDA:56,3,1,3
BRDA:56,4,0,4
BRDA:56,4,1,1
BRDA:81,5,0,0
BRDA:81,5,1,1
BRDA:129,6,0,7
BRDA:129,6,1,12
BRF:14
BRH:10
end_of_record
TN:
SF:src\components\Cart.js
FN:5,(anonymous_0)
FN:6,(anonymous_1)
FN:9,(anonymous_2)
FNF:3
FNH:3
FNDA:3,(anonymous_0)
FNDA:6,(anonymous_1)
FNDA:1,(anonymous_2)
DA:5,1
DA:6,6
DA:7,3
DA:9,3
DA:11,1
DA:14,3
LF:6
LH:6
BRDA:24,0,0,3
BRDA:24,0,1,2
BRF:2
BRH:2
end_of_record
TN:
SF:src\components\Contact.js
FN:1,(anonymous_0)
FNF:1
FNH:1
FNDA:3,(anonymous_0)
DA:1,1
DA:2,3
LF:2
LH:2
BRF:0
BRH:0
end_of_record
TN:
SF:src\components\Header.js
FN:8,(anonymous_0)
FN:16,(anonymous_1)
FN:43,(anonymous_2)
FNF:3
FNH:3
FNDA:8,(anonymous_0)
FNDA:15,(anonymous_1)
FNDA:1,(anonymous_2)
DA:8,2
DA:9,8
DA:11,8
DA:13,8
DA:16,15
DA:18,8
DA:44,1
LF:7
LH:7
BRDA:25,0,0,8
BRDA:25,0,1,0
BRDA:44,1,0,1
BRDA:44,1,1,0
BRF:4
BRH:2
end_of_record
TN:
SF:src\components\ItemList.js
FN:4,(anonymous_0)
FN:7,(anonymous_1)
FN:14,(anonymous_2)
FN:32,(anonymous_3)
FNF:4
FNH:4
FNDA:4,(anonymous_0)
FNDA:1,(anonymous_1)
FNDA:4,(anonymous_2)
FNDA:1,(anonymous_3)
DA:4,1
DA:5,4
DA:7,4
DA:9,1
DA:12,4
DA:15,4
DA:32,1
LF:7
LH:7
BRF:0
BRH:0
end_of_record
TN:
SF:src\components\RestaurantCard.js
FN:1,(anonymous_0)
FN:30,(anonymous_1)
FN:31,(anonymous_2)
FNF:3
FNH:3
FNDA:21,(anonymous_0)
FNDA:5,(anonymous_1)
FNDA:8,(anonymous_2)
DA:1,2
DA:2,21
DA:6,21
DA:8,21
DA:30,2
DA:31,5
DA:32,8
LF:7
LH:7
BRF:0
BRH:0
end_of_record
TN:
SF:src\components\RestaurantCategory.js
FN:3,(anonymous_0)
FN:4,(anonymous_1)
FNF:2
FNH:1
FNDA:2,(anonymous_0)
FNDA:0,(anonymous_1)
DA:3,1
DA:4,2
DA:5,0
DA:8,2
LF:4
LH:3
BRDA:21,0,0,2
BRDA:21,0,1,1
BRF:2
BRH:2
end_of_record
TN:
SF:src\components\RestaurantMenu.js
FN:7,(anonymous_0)
FN:32,(anonymous_1)
FN:37,(anonymous_2)
FN:38,(anonymous_3)
FNF:4
FNH:2
FNDA:2,(anonymous_0)
FNDA:2,(anonymous_1)
FNDA:0,(anonymous_2)
FNDA:0,(anonymous_3)
DA:7,1
DA:8,2
DA:10,2
DA:12,2
DA:14,2
DA:16,2
DA:18,2
DA:20,1
DA:22,1
DA:33,2
DA:38,0
LF:11
LH:10
BRDA:18,0,0,1
BRDA:18,0,1,1
BRDA:22,1,0,0
BRDA:22,1,1,1
BRDA:36,2,0,1
BRDA:36,2,1,1
BRDA:38,3,0,0
BRDA:38,3,1,0
BRF:8
BRH:5
end_of_record
TN:
SF:src\components\sum.js
FN:1,(anonymous_0)
FNF:1
FNH:1
FNDA:1,(anonymous_0)
DA:1,1
DA:2,1
LF:2
LH:2
BRF:0
BRH:0
end_of_record
TN:
SF:src\utils\UserContext.js
FNF:0
FNH:0
DA:3,3
LF:1
LH:1
BRF:0
BRH:0
end_of_record
TN:
SF:src\utils\appStore.js
FNF:0
FNH:0
DA:4,2
LF:1
LH:1
BRF:0
BRH:0
end_of_record
TN:
SF:src\utils\cartSlice.js
FN:9,(anonymous_0)
FN:12,(anonymous_1)
FN:13,(anonymous_2)
FN:15,(anonymous_3)
FNF:4
FNH:2
FNDA:1,(anonymous_0)
FNDA:0,(anonymous_1)
FNDA:0,(anonymous_2)
FNDA:1,(anonymous_3)
DA:3,2
DA:10,1
DA:13,0
DA:16,1
DA:23,2
LF:5
LH:4
BRF:0
BRH:0
end_of_record
TN:
SF:src\utils\constants.js
FNF:0
FNH:0
DA:2,3
DA:4,3
DA:7,3
LF:3
LH:3
BRF:0
BRH:0
end_of_record
TN:
SF:src\utils\useOnlineStatus.js
FN:3,(anonymous_0)
FN:6,(anonymous_1)
FN:7,(anonymous_2)
FN:8,(anonymous_3)
FNF:4
FNH:2
FNDA:8,(anonymous_0)
FNDA:5,(anonymous_1)
FNDA:0,(anonymous_2)
FNDA:0,(anonymous_3)
DA:3,2
DA:4,8
DA:6,8
DA:7,5
DA:8,5
DA:9,5
DA:10,5
DA:14,8
LF:8
LH:8
BRF:0
BRH:0
end_of_record
TN:
SF:src\utils\useRestaurantMenu.js
FN:5,(anonymous_0)
FN:8,(anonymous_1)
FN:12,(anonymous_2)
FN:24,(anonymous_3)
FNF:4
FNH:4
FNDA:2,(anonymous_0)
FNDA:1,(anonymous_1)
FNDA:1,(anonymous_2)
FNDA:1,(anonymous_3)
DA:5,1
DA:6,2
DA:8,2
DA:9,1
DA:12,2
DA:13,1
DA:17,1
DA:20,1
DA:24,1
DA:27,1
DA:29,2
LF:11
LH:11
BRDA:20,0,0,1
BRDA:20,0,1,0
BRDA:24,1,0,1
BRDA:24,1,1,0
BRF:4
BRH:2
end_of_record
